# JRE version: Java(TM) SE Runtime Environment (8.0_191-b12) (build 1.8.0_191-b12)
# Java VM: Java HotSpot(TM) 64-Bit Server VM (25.191-b12 mixed mode windows-amd64 compressed oops)
Heap:
 PSYoungGen      total 69120K, used 4277K [0x000000076b000000, 0x00000007a2180000, 0x00000007c0000000)
  eden space 68096K, 6% used [0x000000076b000000,0x000000076b3fd710,0x000000076f280000)
  from space 1024K, 18% used [0x00000007a1f80000,0x00000007a1fb0000,0x00000007a2080000)
  to   space 1024K, 0% used [0x00000007a2080000,0x00000007a2080000,0x00000007a2180000)
 ParOldGen       total 175104K, used 94231K [0x00000006c1000000, 0x00000006cbb00000, 0x000000076b000000)
  object space 175104K, 53% used [0x00000006c1000000,0x00000006c6c05c30,0x00000006cbb00000)
 Metaspace       used 2667K, capacity 4564K, committed 4864K, reserved 1056768K
  class space    used 280K, capacity 388K, committed 512K, reserved 1048576K
GC Heap History (10 events):
Event: 328.792 GC heap before
{Heap before GC invocations=63 (full 0):
 PSYoungGen      total 76288K, used 75936K [0x000000076b000000, 0x00000007a2280000, 0x00000007c0000000)
  eden space 75776K, 100% used [0x000000076b000000,0x000000076fa00000,0x000000076fa00000)
  from space 512K, 31% used [0x00000007a2200000,0x00000007a2228000,0x00000007a2280000)
  to   space 1024K, 0% used [0x00000007a2080000,0x00000007a2080000,0x00000007a2180000)
 ParOldGen       total 175104K, used 94231K [0x00000006c1000000, 0x00000006cbb00000, 0x000000076b000000)
  object space 175104K, 53% used [0x00000006c1000000,0x00000006c6c05c30,0x00000006cbb00000)
 Metaspace       used 2667K, capacity 4564K, committed 4864K, reserved 1056768K
  class space    used 280K, capacity 388K, committed 512K, reserved 1048576K
Event: 328.792 GC heap after
Heap after GC invocations=63 (full 0):
 PSYoungGen      total 75264K, used 128K [0x000000076b000000, 0x00000007a2280000, 0x00000007c0000000)
  eden space 74240K, 0% used [0x000000076b000000,0x000000076b000000,0x000000076f880000)
  from space 1024K, 12% used [0x00000007a2080000,0x00000007a20a0000,0x00000007a2180000)
  to   space 1024K, 0% used [0x00000007a2180000,0x00000007a2180000,0x00000007a2280000)
 ParOldGen       total 175104K, used 94231K [0x00000006c1000000, 0x00000006cbb00000, 0x000000076b000000)
  object space 175104K, 53% used [0x00000006c1000000,0x00000006c6c05c30,0x00000006cbb00000)
 Metaspace       used 2667K, capacity 4564K, committed 4864K, reserved 1056768K
  class space    used 280K, capacity 388K, committed 512K, reserved 1048576K
}
Event: 329.962 GC heap before
{Heap before GC invocations=64 (full 0):
 PSYoungGen      total 75264K, used 74368K [0x000000076b000000, 0x00000007a2280000, 0x00000007c0000000)
  eden space 74240K, 100% used [0x000000076b000000,0x000000076f880000,0x000000076f880000)
  from space 1024K, 12% used [0x00000007a2080000,0x00000007a20a0000,0x00000007a2180000)
  to   space 1024K, 0% used [0x00000007a2180000,0x00000007a2180000,0x00000007a2280000)
 ParOldGen       total 175104K, used 94231K [0x00000006c1000000, 0x00000006cbb00000, 0x000000076b000000)
  object space 175104K, 53% used [0x00000006c1000000,0x00000006c6c05c30,0x00000006cbb00000)
 Metaspace       used 2667K, capacity 4564K, committed 4864K, reserved 1056768K
  class space    used 280K, capacity 388K, committed 512K, reserved 1048576K
Event: 329.962 GC heap after
Heap after GC invocations=64 (full 0):
 PSYoungGen      total 73216K, used 224K [0x000000076b000000, 0x00000007a2200000, 0x00000007c0000000)
  eden space 72704K, 0% used [0x000000076b000000,0x000000076b000000,0x000000076f700000)
  from space 512K, 43% used [0x00000007a2180000,0x00000007a21b8000,0x00000007a2200000)
  to   space 1024K, 0% used [0x00000007a2000000,0x00000007a2000000,0x00000007a2100000)
 ParOldGen       total 175104K, used 94231K [0x00000006c1000000, 0x00000006cbb00000, 0x000000076b000000)
  object space 175104K, 53% used [0x00000006c1000000,0x00000006c6c05c30,0x00000006cbb00000)
 Metaspace       used 2667K, capacity 4564K, committed 4864K, reserved 1056768K
  class space    used 280K, capacity 388K, committed 512K, reserved 1048576K
}
Event: 331.120 GC heap before
{Heap before GC invocations=65 (full 0):
 PSYoungGen      total 73216K, used 72928K [0x000000076b000000, 0x00000007a2200000, 0x00000007c0000000)
  eden space 72704K, 100% used [0x000000076b000000,0x000000076f700000,0x000000076f700000)
  from space 512K, 43% used [0x00000007a2180000,0x00000007a21b8000,0x00000007a2200000)
  to   space 1024K, 0% used [0x00000007a2000000,0x00000007a2000000,0x00000007a2100000)
 ParOldGen       total 175104K, used 94231K [0x00000006c1000000, 0x00000006cbb00000, 0x000000076b000000)
  object space 175104K, 53% used [0x00000006c1000000,0x00000006c6c05c30,0x00000006cbb00000)
 Metaspace       used 2667K, capacity 4564K, committed 4864K, reserved 1056768K
  class space    used 280K, capacity 388K, committed 512K, reserved 1048576K
Event: 331.121 GC heap after
Heap after GC invocations=65 (full 0):
 PSYoungGen      total 72192K, used 288K [0x000000076b000000, 0x00000007a2200000, 0x00000007c0000000)
  eden space 71168K, 0% used [0x000000076b000000,0x000000076b000000,0x000000076f580000)
  from space 1024K, 28% used [0x00000007a2000000,0x00000007a2048000,0x00000007a2100000)
  to   space 1024K, 0% used [0x00000007a2100000,0x00000007a2100000,0x00000007a2200000)
 ParOldGen       total 175104K, used 94231K [0x00000006c1000000, 0x00000006cbb00000, 0x000000076b000000)
  object space 175104K, 53% used [0x00000006c1000000,0x00000006c6c05c30,0x00000006cbb00000)
 Metaspace       used 2667K, capacity 4564K, committed 4864K, reserved 1056768K
  class space    used 280K, capacity 388K, committed 512K, reserved 1048576K
}
Event: 332.240 GC heap before
{Heap before GC invocations=66 (full 0):
 PSYoungGen      total 72192K, used 71456K [0x000000076b000000, 0x00000007a2200000, 0x00000007c0000000)
  eden space 71168K, 100% used [0x000000076b000000,0x000000076f580000,0x000000076f580000)
  from space 1024K, 28% used [0x00000007a2000000,0x00000007a2048000,0x00000007a2100000)
  to   space 1024K, 0% used [0x00000007a2100000,0x00000007a2100000,0x00000007a2200000)
 ParOldGen       total 175104K, used 94231K [0x00000006c1000000, 0x00000006cbb00000, 0x000000076b000000)
  object space 175104K, 53% used [0x00000006c1000000,0x00000006c6c05c30,0x00000006cbb00000)
 Metaspace       used 2667K, capacity 4564K, committed 4864K, reserved 1056768K
  class space    used 280K, capacity 388K, committed 512K, reserved 1048576K
Event: 332.241 GC heap after
Heap after GC invocations=66 (full 0):
 PSYoungGen      total 70144K, used 64K [0x000000076b000000, 0x00000007a2180000, 0x00000007c0000000)
  eden space 69632K, 0% used [0x000000076b000000,0x000000076b000000,0x000000076f400000)
  from space 512K, 12% used [0x00000007a2100000,0x00000007a2110000,0x00000007a2180000)
  to   space 1024K, 0% used [0x00000007a1f80000,0x00000007a1f80000,0x00000007a2080000)
 ParOldGen       total 175104K, used 94231K [0x00000006c1000000, 0x00000006cbb00000, 0x000000076b000000)
  object space 175104K, 53% used [0x00000006c1000000,0x00000006c6c05c30,0x00000006cbb00000)
 Metaspace       used 2667K, capacity 4564K, committed 4864K, reserved 1056768K
  class space    used 280K, capacity 388K, committed 512K, reserved 1048576K
}
Event: 333.395 GC heap before
{Heap before GC invocations=67 (full 0):
 PSYoungGen      total 70144K, used 69696K [0x000000076b000000, 0x00000007a2180000, 0x00000007c0000000)
  eden space 69632K, 100% used [0x000000076b000000,0x000000076f400000,0x000000076f400000)
  from space 512K, 12% used [0x00000007a2100000,0x00000007a2110000,0x00000007a2180000)
  to   space 1024K, 0% used [0x00000007a1f80000,0x00000007a1f80000,0x00000007a2080000)
 ParOldGen       total 175104K, used 94231K [0x00000006c1000000, 0x00000006cbb00000, 0x000000076b000000)
  object space 175104K, 53% used [0x00000006c1000000,0x00000006c6c05c30,0x00000006cbb00000)
 Metaspace       used 2667K, capacity 4564K, committed 4864K, reserved 1056768K
  class space    used 280K, capacity 388K, committed 512K, reserved 1048576K
Event: 333.396 GC heap after
Heap after GC invocations=67 (full 0):
 PSYoungGen      total 69120K, used 192K [0x000000076b000000, 0x00000007a2180000, 0x00000007c0000000)
  eden space 68096K, 0% used [0x000000076b000000,0x000000076b000000,0x000000076f280000)
  from space 1024K, 18% used [0x00000007a1f80000,0x00000007a1fb0000,0x00000007a2080000)
  to   space 1024K, 0% used [0x00000007a2080000,0x00000007a2080000,0x00000007a2180000)
 ParOldGen       total 175104K, used 94231K [0x00000006c1000000, 0x00000006cbb00000, 0x000000076b000000)
  object space 175104K, 53% used [0x00000006c1000000,0x00000006c6c05c30,0x00000006cbb00000)
 Metaspace       used 2667K, capacity 4564K, committed 4864K, reserved 1056768K
  class space    used 280K, capacity 388K, committed 512K, reserved 1048576K
}

